TN:
SF:/home/bramas/TPS/tps-c/cours11/snake/src/position.c
FN:3,position_add
FN:15,position_equals
FNDA:112,position_add
FNDA:14,position_equals
FNF:2
FNH:2
DA:3,112
DA:5,448
DA:6,224
DA:7,224
DA:9,112
DA:15,14
DA:17,14
LF:7
LH:7
end_of_record
TN:
SF:/usr/local/include/noise.h
FN:109,grad1D
FN:116,grad2D
FN:123,grad3D
FN:130,grad4D
FN:141,noise1D
FN:163,pnoise1D
FN:186,noise2D
FN:220,pnoise2D
FN:255,noise3D
FN:309,pnoise3D
FN:359,perlin3D
FN:381,perlinPeriodic3D
FN:413,noise4D
FN:497,pnoise4D
FNDA:0,grad1D
FNDA:0,grad2D
FNDA:0,grad3D
FNDA:0,grad4D
FNDA:0,noise1D
FNDA:0,pnoise1D
FNDA:0,noise2D
FNDA:0,pnoise2D
FNDA:0,noise3D
FNDA:0,pnoise3D
FNDA:0,perlin3D
FNDA:0,perlinPeriodic3D
FNDA:0,noise4D
FNDA:0,pnoise4D
FNF:14
FNH:0
DA:109,0
DA:110,0
DA:111,0
DA:112,0
DA:113,0
DA:116,0
DA:117,0
DA:118,0
DA:119,0
DA:120,0
DA:123,0
DA:124,0
DA:125,0
DA:126,0
DA:127,0
DA:130,0
DA:131,0
DA:132,0
DA:133,0
DA:134,0
DA:135,0
DA:141,0
DA:147,0
DA:148,0
DA:149,0
DA:150,0
DA:151,0
DA:153,0
DA:155,0
DA:156,0
DA:157,0
DA:163,0
DA:169,0
DA:170,0
DA:171,0
DA:172,0
DA:173,0
DA:175,0
DA:177,0
DA:178,0
DA:179,0
DA:186,0
DA:192,0
DA:193,0
DA:194,0
DA:195,0
DA:196,0
DA:197,0
DA:198,0
DA:199,0
DA:200,0
DA:201,0
DA:203,0
DA:204,0
DA:206,0
DA:207,0
DA:208,0
DA:210,0
DA:211,0
DA:212,0
DA:214,0
DA:220,0
DA:226,0
DA:227,0
DA:228,0
DA:229,0
DA:230,0
DA:231,0
DA:232,0
DA:233,0
DA:234,0
DA:235,0
DA:237,0
DA:238,0
DA:240,0
DA:241,0
DA:242,0
DA:244,0
DA:245,0
DA:246,0
DA:248,0
DA:255,0
DA:262,0
DA:263,0
DA:264,0
DA:265,0
DA:266,0
DA:267,0
DA:268,0
DA:269,0
DA:270,0
DA:271,0
DA:272,0
DA:273,0
DA:274,0
DA:275,0
DA:276,0
DA:278,0
DA:279,0
DA:280,0
DA:282,0
DA:283,0
DA:284,0
DA:286,0
DA:287,0
DA:288,0
DA:290,0
DA:292,0
DA:293,0
DA:294,0
DA:296,0
DA:297,0
DA:298,0
DA:300,0
DA:302,0
DA:309,0
DA:316,0
DA:317,0
DA:318,0
DA:319,0
DA:320,0
DA:321,0
DA:322,0
DA:323,0
DA:324,0
DA:325,0
DA:326,0
DA:327,0
DA:328,0
DA:329,0
DA:330,0
DA:332,0
DA:333,0
DA:334,0
DA:336,0
DA:337,0
DA:338,0
DA:340,0
DA:341,0
DA:342,0
DA:344,0
DA:346,0
DA:347,0
DA:348,0
DA:350,0
DA:351,0
DA:352,0
DA:354,0
DA:356,0
DA:359,0
DA:361,0
DA:362,0
DA:363,0
DA:364,0
DA:365,0
DA:366,0
DA:368,0
DA:370,0
DA:371,0
DA:372,0
DA:373,0
DA:374,0
DA:375,0
DA:378,0
DA:381,0
DA:383,0
DA:384,0
DA:385,0
DA:386,0
DA:387,0
DA:388,0
DA:389,0
DA:390,0
DA:391,0
DA:393,0
DA:395,0
DA:396,0
DA:397,0
DA:398,0
DA:399,0
DA:400,0
DA:401,0
DA:402,0
DA:403,0
DA:406,0
DA:413,0
DA:420,0
DA:421,0
DA:422,0
DA:423,0
DA:424,0
DA:425,0
DA:426,0
DA:427,0
DA:428,0
DA:429,0
DA:430,0
DA:431,0
DA:432,0
DA:433,0
DA:434,0
DA:435,0
DA:436,0
DA:437,0
DA:438,0
DA:439,0
DA:441,0
DA:442,0
DA:443,0
DA:444,0
DA:446,0
DA:447,0
DA:448,0
DA:450,0
DA:451,0
DA:452,0
DA:454,0
DA:456,0
DA:457,0
DA:458,0
DA:460,0
DA:461,0
DA:462,0
DA:464,0
DA:466,0
DA:468,0
DA:469,0
DA:470,0
DA:472,0
DA:473,0
DA:474,0
DA:476,0
DA:478,0
DA:479,0
DA:480,0
DA:482,0
DA:483,0
DA:484,0
DA:486,0
DA:488,0
DA:490,0
DA:497,0
DA:504,0
DA:505,0
DA:506,0
DA:507,0
DA:508,0
DA:509,0
DA:510,0
DA:511,0
DA:512,0
DA:513,0
DA:514,0
DA:515,0
DA:516,0
DA:517,0
DA:518,0
DA:519,0
DA:520,0
DA:521,0
DA:522,0
DA:523,0
DA:525,0
DA:526,0
DA:527,0
DA:528,0
DA:530,0
DA:531,0
DA:532,0
DA:534,0
DA:535,0
DA:536,0
DA:538,0
DA:540,0
DA:541,0
DA:542,0
DA:544,0
DA:545,0
DA:546,0
DA:548,0
DA:550,0
DA:552,0
DA:553,0
DA:554,0
DA:556,0
DA:557,0
DA:558,0
DA:560,0
DA:562,0
DA:563,0
DA:564,0
DA:566,0
DA:567,0
DA:568,0
DA:570,0
DA:572,0
DA:574,0
LF:297
LH:0
end_of_record
SF:/usr/local/include/tps_stack.h
FN:82,repondre
FNDA:0,repondre
FNF:1
FNH:0
DA:82,0
DA:83,0
DA:84,0
LF:3
LH:0
end_of_record
SF:/usr/local/include/tps_utils.h
FN:13,_print_memory_byte
FN:26,print_memory_byte
FN:39,print_memory_bytes
FNDA:0,_print_memory_byte
FNDA:0,print_memory_byte
FNDA:0,print_memory_bytes
FNF:3
FNH:0
DA:13,0
DA:14,0
DA:16,0
DA:17,0
DA:18,0
DA:20,0
DA:26,0
DA:27,0
DA:28,0
DA:29,0
DA:39,0
DA:40,0
DA:41,0
DA:42,0
DA:44,0
DA:45,0
LF:16
LH:0
end_of_record
SF:/home/bramas/TPS/tps-c/cours11/snake/src/ui.c
FN:10,cell_size
FN:15,update_direction
FN:53,draw_snake
FN:65,test_game_over
FN:86,snake_should_update
FN:97,update_snake
FN:107,test_fruit
FN:117,draw_fruit
FN:128,game_loop
FNDA:2748,cell_size
FNDA:1373,update_direction
FNDA:1373,draw_snake
FNDA:14,test_game_over
FNDA:1373,snake_should_update
FNDA:14,update_snake
FNDA:14,test_fruit
FNDA:1373,draw_fruit
FNDA:1,game_loop
FNF:9
FNH:9
DA:10,2748
DA:12,2748
DA:15,1373
DA:17,1373
DA:18,1373
DA:21,295
DA:24,31
DA:25,31
DA:26,31
DA:28,25
DA:29,25
DA:30,25
DA:32,15
DA:33,15
DA:34,15
DA:36,41
DA:37,41
DA:38,41
DA:40,183
DA:44,112
DA:45,112
DA:47,112
DA:53,1373
DA:55,2746
DA:57,1373
DA:58,2746
DA:59,1373
DA:60,1373
DA:63,1373
DA:65,14
DA:67,14
DA:68,14
DA:69,14
DA:70,14
DA:71,14
DA:73,0
DA:74,0
DA:77,14
DA:79,0
DA:81,0
DA:82,0
DA:86,1373
DA:89,1373
DA:90,1373
DA:92,1359
DA:94,14
DA:95,14
DA:97,14
DA:99,28
DA:101,14
DA:103,14
DA:104,14
DA:105,14
DA:107,14
DA:109,14
DA:111,0
DA:112,0
DA:113,0
DA:115,14
DA:117,1373
DA:119,1373
DA:120,1373
DA:121,4119
DA:122,1373
DA:123,1373
DA:126,1373
DA:128,1
DA:131,2
DA:133,1
DA:134,1
DA:138,1
DA:139,136
DA:140,136
DA:142,136
DA:143,136
DA:144,136
DA:145,136
DA:147,1375
DA:148,1373
DA:149,1373
DA:151,1373
DA:153,0
DA:154,0
DA:155,0
DA:158,1373
DA:160,14
DA:161,14
DA:162,14
DA:164,1373
DA:165,1373
DA:166,1373
DA:168,1373
DA:170,1
DA:171,1
DA:172,1
LF:95
LH:84
end_of_record
TN:
SF:/home/bramas/TPS/tps-c/cours11/snake/src/game_io.c
FN:6,load_position
FN:15,load_queue
FN:40,load_game_info
FN:80,load_game
FN:96,save_game
FNDA:0,load_position
FNDA:0,load_queue
FNDA:0,load_game_info
FNDA:0,load_game
FNDA:1,save_game
FNF:5
FNH:1
DA:6,0
DA:8,0
DA:9,0
DA:10,0
DA:12,0
DA:15,0
DA:17,0
DA:18,0
DA:19,0
DA:21,0
DA:24,0
DA:26,0
DA:28,0
DA:29,0
DA:33,0
DA:36,0
DA:37,0
DA:40,0
DA:42,0
DA:44,0
DA:45,0
DA:47,0
DA:49,0
DA:50,0
DA:52,0
DA:54,0
DA:55,0
DA:57,0
DA:59,0
DA:60,0
DA:62,0
DA:64,0
DA:65,0
DA:67,0
DA:69,0
DA:70,0
DA:72,0
DA:74,0
DA:75,0
DA:77,0
DA:80,0
DA:83,0
DA:84,0
DA:86,0
DA:87,0
DA:91,0
DA:92,0
DA:96,1
DA:98,1
DA:99,1
DA:100,1
LF:51
LH:4
end_of_record
TN:
SF:/home/bramas/TPS/tps-c/cours11/snake/src/args.c
FN:9,clean_game
FN:14,resize_game
FN:40,init_default_game
FN:56,parse_args
FNDA:0,clean_game
FNDA:1,resize_game
FNDA:1,init_default_game
FNDA:1,parse_args
FNF:4
FNH:3
DA:9,0
DA:11,0
DA:12,0
DA:14,1
DA:16,1
DA:17,1
DA:19,0
DA:22,0
DA:25,1
DA:26,1
DA:27,1
DA:28,1
DA:30,0
DA:34,0
DA:36,1
DA:37,1
DA:38,1
DA:40,1
DA:42,1
DA:43,1
DA:44,1
DA:45,1
DA:46,1
DA:47,1
DA:48,1
DA:49,1
DA:50,1
DA:51,1
DA:52,1
DA:53,1
DA:54,1
DA:56,1
DA:58,1
DA:59,1
DA:60,1
DA:63,2
DA:64,0
DA:67,0
DA:68,0
DA:71,0
DA:72,0
DA:75,0
DA:76,0
DA:78,0
DA:79,0
DA:81,0
DA:82,0
DA:85,0
DA:86,0
DA:89,0
DA:90,0
DA:91,0
DA:93,0
DA:97,0
DA:102,0
DA:104,0
DA:107,0
DA:110,1
DA:112,0
DA:113,0
DA:115,0
DA:117,0
DA:119,0
DA:124,1
LF:64
LH:31
end_of_record
TN:
SF:/home/bramas/TPS/tps-c/cours11/snake/src/snake.c
FN:9,main
FNDA:1,main
FNF:1
FNH:1
DA:9,1
DA:13,1
DA:15,1
DA:18,1
DA:19,1
DA:20,1
DA:21,1
DA:23,1
DA:26,1
LF:9
LH:9
end_of_record
